  [4;36;1mSQL (3.9ms)[0m   [0;1m SELECT name
 FROM sqlite_master
 WHERE type = 'table' AND NOT name = 'sqlite_sequence'
[0m
  [4;35;1mSQL (1.3ms)[0m   [0mselect sqlite_version(*)[0m
  [4;36;1mSQL (10.0ms)[0m   [0;1mCREATE TABLE "schema_migrations" ("version" varchar(255) NOT NULL) [0m
  [4;35;1mSQL (8.8ms)[0m   [0mCREATE UNIQUE INDEX "unique_schema_migrations" ON "schema_migrations" ("version")[0m
  [4;36;1mSQL (3.0ms)[0m   [0;1m SELECT name
 FROM sqlite_master
 WHERE type = 'table' AND NOT name = 'sqlite_sequence'
[0m
  [4;35;1mSQL (2.3ms)[0m   [0mSELECT version FROM schema_migrations[0m
Migrating to CreateExams (20090630101715)
  [4;36;1mSQL (5.2ms)[0m   [0;1m SELECT name
 FROM sqlite_master
 WHERE type = 'table' AND NOT name = 'sqlite_sequence'
[0m
  [4;35;1mSQL (2.8ms)[0m   [0mSELECT version FROM schema_migrations[0m
Migrating to CreateExams (20090630101715)
  [4;36;1mSQL (0.8ms)[0m   [0;1mselect sqlite_version(*)[0m
  [4;36;1mSQL (5.1ms)[0m   [0;1m SELECT name
 FROM sqlite_master
 WHERE type = 'table' AND NOT name = 'sqlite_sequence'
[0m
  [4;35;1mSQL (1.8ms)[0m   [0mSELECT version FROM schema_migrations[0m
Migrating to CreateExams (20090630101715)
  [4;36;1mSQL (0.8ms)[0m   [0;1mselect sqlite_version(*)[0m
  [4;35;1mSQL (23.1ms)[0m   [0mCREATE TABLE "exams" ("id" INTEGER PRIMARY KEY AUTOINCREMENT NOT NULL, "name" varchar(255), "description" text, "question_count" integer, "time_limit" integer, "created_at" datetime, "updated_at" datetime) [0m
  [4;36;1mSQL (9.5ms)[0m   [0;1mINSERT INTO schema_migrations (version) VALUES ('20090630101715')[0m
Migrating to CreateQuestions (20090630102435)
  [4;35;1mSQL (22.4ms)[0m   [0mCREATE TABLE "questions" ("id" INTEGER PRIMARY KEY AUTOINCREMENT NOT NULL, "exam_id" integer, "question" text, "type" varchar(255), "answer_1" text, "answer_2" text, "answer_3" text, "answer_4" text, "answer_5" text, "answers_list" text, "created_at" datetime, "updated_at" datetime) [0m
  [4;36;1mSQL (0.0ms)[0m   [0;1mSQLite3::SQLException: no such table: main.question: CREATE INDEX "index_question_on_exam_id" ON "question" ("exam_id")[0m
  [4;36;1mSQL (6.1ms)[0m   [0;1m SELECT name
 FROM sqlite_master
 WHERE type = 'table' AND NOT name = 'sqlite_sequence'
[0m
  [4;35;1mSQL (2.4ms)[0m   [0mSELECT version FROM schema_migrations[0m
Migrating to CreateExams (20090630101715)
Migrating to CreateQuestions (20090630102435)
  [4;36;1mSQL (0.9ms)[0m   [0;1mselect sqlite_version(*)[0m
  [4;35;1mSQL (0.0ms)[0m   [0mSQLite3::SQLException: table "questions" already exists: CREATE TABLE "questions" ("id" INTEGER PRIMARY KEY AUTOINCREMENT NOT NULL, "exam_id" integer, "question" text, "type" varchar(255), "answer_1" text, "answer_2" text, "answer_3" text, "answer_4" text, "answer_5" text, "answers_list" text, "created_at" datetime, "updated_at" datetime) [0m
  [4;36;1mSQL (6.1ms)[0m   [0;1m SELECT name
 FROM sqlite_master
 WHERE type = 'table' AND NOT name = 'sqlite_sequence'
[0m
  [4;35;1mSQL (2.3ms)[0m   [0mSELECT version FROM schema_migrations[0m
  [4;36;1mSQL (3.2ms)[0m   [0;1m SELECT name
 FROM sqlite_master
 WHERE type = 'table' AND NOT name = 'sqlite_sequence'
[0m
  [4;35;1mSQL (4.5ms)[0m   [0mSELECT version FROM schema_migrations[0m
Migrating to CreateExams (20090630101715)
  [4;36;1mSQL (8.8ms)[0m   [0;1mDROP TABLE "exams"[0m
  [4;35;1mSQL (9.1ms)[0m   [0mDELETE FROM schema_migrations WHERE version = '20090630101715'[0m
  [4;36;1mSQL (0.8ms)[0m   [0;1mselect sqlite_version(*)[0m
  [4;35;1mSQL (2.7ms)[0m   [0m SELECT name
 FROM sqlite_master
 WHERE type = 'table' AND NOT name = 'sqlite_sequence'
[0m
  [4;36;1mSQL (2.1ms)[0m   [0;1mSELECT version FROM schema_migrations[0m
  [4;35;1mSQL (2.7ms)[0m   [0m SELECT name
 FROM sqlite_master
 WHERE type = 'table' AND NOT name = 'sqlite_sequence'
[0m
  [4;36;1mSQL (0.4ms)[0m   [0;1mPRAGMA index_list("questions")[0m
  [4;36;1mSQL (5.9ms)[0m   [0;1m SELECT name
 FROM sqlite_master
 WHERE type = 'table' AND NOT name = 'sqlite_sequence'
[0m
  [4;35;1mSQL (1.8ms)[0m   [0mSELECT version FROM schema_migrations[0m
  [4;36;1mSQL (2.8ms)[0m   [0;1m SELECT name
 FROM sqlite_master
 WHERE type = 'table' AND NOT name = 'sqlite_sequence'
[0m
  [4;35;1mSQL (1.8ms)[0m   [0mSELECT version FROM schema_migrations[0m
Migrating to CreateExams (20090630101715)
  [4;36;1mSQL (0.8ms)[0m   [0;1mselect sqlite_version(*)[0m
  [4;35;1mSQL (23.8ms)[0m   [0mCREATE TABLE "exams" ("id" INTEGER PRIMARY KEY AUTOINCREMENT NOT NULL, "name" varchar(255), "description" text, "question_count" integer, "time_limit" integer, "created_at" datetime, "updated_at" datetime) [0m
  [4;36;1mSQL (9.3ms)[0m   [0;1mINSERT INTO schema_migrations (version) VALUES ('20090630101715')[0m
Migrating to CreateQuestions (20090630102435)
  [4;35;1mSQL (0.0ms)[0m   [0mSQLite3::SQLException: table "questions" already exists: CREATE TABLE "questions" ("id" INTEGER PRIMARY KEY AUTOINCREMENT NOT NULL, "exam_id" integer, "question" text, "type" varchar(255), "answer_1" text, "answer_2" text, "answer_3" text, "answer_4" text, "answer_5" text, "answers_list" text, "created_at" datetime, "updated_at" datetime) [0m
  [4;36;1mSQL (6.5ms)[0m   [0;1m SELECT name
 FROM sqlite_master
 WHERE type = 'table' AND NOT name = 'sqlite_sequence'
[0m
  [4;35;1mSQL (2.3ms)[0m   [0mSELECT version FROM schema_migrations[0m
  [4;36;1mSQL (3.0ms)[0m   [0;1m SELECT name
 FROM sqlite_master
 WHERE type = 'table' AND NOT name = 'sqlite_sequence'
[0m
  [4;35;1mSQL (2.5ms)[0m   [0mSELECT version FROM schema_migrations[0m
Migrating to CreateExams (20090630101715)
  [4;36;1mSQL (26.2ms)[0m   [0;1mDROP TABLE "exams"[0m
  [4;35;1mSQL (9.2ms)[0m   [0mDELETE FROM schema_migrations WHERE version = '20090630101715'[0m
  [4;36;1mSQL (0.9ms)[0m   [0;1mselect sqlite_version(*)[0m
  [4;35;1mSQL (2.8ms)[0m   [0m SELECT name
 FROM sqlite_master
 WHERE type = 'table' AND NOT name = 'sqlite_sequence'
[0m
  [4;36;1mSQL (1.8ms)[0m   [0;1mSELECT version FROM schema_migrations[0m
  [4;35;1mSQL (2.8ms)[0m   [0m SELECT name
 FROM sqlite_master
 WHERE type = 'table' AND NOT name = 'sqlite_sequence'
[0m
  [4;36;1mSQL (0.4ms)[0m   [0;1mPRAGMA index_list("questions")[0m
  [4;36;1mSQL (5.4ms)[0m   [0;1m SELECT name
 FROM sqlite_master
 WHERE type = 'table' AND NOT name = 'sqlite_sequence'
[0m
  [4;35;1mSQL (1.9ms)[0m   [0mSELECT version FROM schema_migrations[0m
Migrating to CreateExams (20090630101715)
  [4;36;1mSQL (0.8ms)[0m   [0;1mselect sqlite_version(*)[0m
  [4;35;1mSQL (24.2ms)[0m   [0mCREATE TABLE "exams" ("id" INTEGER PRIMARY KEY AUTOINCREMENT NOT NULL, "name" varchar(255), "description" text, "question_count" integer, "time_limit" integer, "created_at" datetime, "updated_at" datetime) [0m
  [4;36;1mSQL (9.4ms)[0m   [0;1mINSERT INTO schema_migrations (version) VALUES ('20090630101715')[0m
Migrating to CreateQuestions (20090630102435)
  [4;35;1mSQL (0.0ms)[0m   [0mSQLite3::SQLException: table "questions" already exists: CREATE TABLE "questions" ("id" INTEGER PRIMARY KEY AUTOINCREMENT NOT NULL, "exam_id" integer, "question" text, "type" varchar(255), "answer_1" text, "answer_2" text, "answer_3" text, "answer_4" text, "answer_5" text, "answers_list" text, "created_at" datetime, "updated_at" datetime) [0m
  [4;36;1mSQL (6.4ms)[0m   [0;1m SELECT name
 FROM sqlite_master
 WHERE type = 'table' AND NOT name = 'sqlite_sequence'
[0m
  [4;35;1mSQL (1.0ms)[0m   [0mselect sqlite_version(*)[0m
  [4;36;1mSQL (8.7ms)[0m   [0;1mCREATE TABLE "schema_migrations" ("version" varchar(255) NOT NULL) [0m
  [4;35;1mSQL (10.7ms)[0m   [0mCREATE UNIQUE INDEX "unique_schema_migrations" ON "schema_migrations" ("version")[0m
  [4;36;1mSQL (2.8ms)[0m   [0;1m SELECT name
 FROM sqlite_master
 WHERE type = 'table' AND NOT name = 'sqlite_sequence'
[0m
  [4;35;1mSQL (2.0ms)[0m   [0mSELECT version FROM schema_migrations[0m
Migrating to CreateExams (20090630101715)
  [4;36;1mSQL (23.7ms)[0m   [0;1mCREATE TABLE "exams" ("id" INTEGER PRIMARY KEY AUTOINCREMENT NOT NULL, "name" varchar(255), "description" text, "question_count" integer, "time_limit" integer, "created_at" datetime, "updated_at" datetime) [0m
  [4;35;1mSQL (9.7ms)[0m   [0mINSERT INTO schema_migrations (version) VALUES ('20090630101715')[0m
Migrating to CreateQuestions (20090630102435)
  [4;36;1mSQL (25.0ms)[0m   [0;1mCREATE TABLE "questions" ("id" INTEGER PRIMARY KEY AUTOINCREMENT NOT NULL, "exam_id" integer, "question" text, "type" varchar(255), "answer_1" text, "answer_2" text, "answer_3" text, "answer_4" text, "answer_5" text, "answers_list" text, "created_at" datetime, "updated_at" datetime) [0m
  [4;35;1mSQL (24.9ms)[0m   [0mCREATE INDEX "index_questions_on_exam_id" ON "questions" ("exam_id")[0m
  [4;36;1mSQL (9.8ms)[0m   [0;1mINSERT INTO schema_migrations (version) VALUES ('20090630102435')[0m
Migrating to CreateUsers (20090630113008)
  [4;35;1mSQL (22.9ms)[0m   [0mCREATE TABLE "users" ("id" INTEGER PRIMARY KEY AUTOINCREMENT NOT NULL, "name" varchar(255), "created_at" datetime, "updated_at" datetime) [0m
  [4;36;1mSQL (9.9ms)[0m   [0;1mINSERT INTO schema_migrations (version) VALUES ('20090630113008')[0m
Migrating to CreateUserExams (20090630113134)
  [4;35;1mSQL (23.0ms)[0m   [0mCREATE TABLE "user_exams" ("id" INTEGER PRIMARY KEY AUTOINCREMENT NOT NULL, "user_id" integer, "exam_id" integer, "created_at" datetime, "updated_at" datetime) [0m
  [4;36;1mSQL (10.0ms)[0m   [0;1mINSERT INTO schema_migrations (version) VALUES ('20090630113134')[0m
Migrating to CreateUserAnswers (20090630113406)
  [4;35;1mSQL (17.1ms)[0m   [0mCREATE TABLE "user_answers" ("id" INTEGER PRIMARY KEY AUTOINCREMENT NOT NULL, "user_exam_id" integer, "question_id" integer, "correct" boolean, "created_at" datetime, "updated_at" datetime) [0m
  [4;36;1mSQL (10.7ms)[0m   [0;1mINSERT INTO schema_migrations (version) VALUES ('20090630113406')[0m
  [4;35;1mSQL (4.5ms)[0m   [0m SELECT name
 FROM sqlite_master
 WHERE type = 'table' AND NOT name = 'sqlite_sequence'
[0m
  [4;36;1mSQL (4.2ms)[0m   [0;1mSELECT version FROM schema_migrations[0m
  [4;35;1mSQL (11.2ms)[0m   [0m SELECT name
 FROM sqlite_master
 WHERE type = 'table' AND NOT name = 'sqlite_sequence'
[0m
  [4;36;1mSQL (0.4ms)[0m   [0;1mPRAGMA index_list("exams")[0m
  [4;35;1mSQL (1.0ms)[0m   [0mPRAGMA index_list("questions")[0m
  [4;36;1mSQL (0.9ms)[0m   [0;1mPRAGMA index_info('index_questions_on_exam_id')[0m
  [4;35;1mSQL (0.3ms)[0m   [0mPRAGMA index_list("user_answers")[0m
  [4;36;1mSQL (0.3ms)[0m   [0;1mPRAGMA index_list("user_exams")[0m
  [4;35;1mSQL (0.3ms)[0m   [0mPRAGMA index_list("users")[0m
